Arguments: 
  C:\Program Files\nodejs\node.exe C:\Users\pndang\AppData\Roaming\npm\node_modules\yarn\bin\yarn.js

PATH: 
  C:\Users\pndang\bin;C:\Users\pndang\AppData\Local\Programs\Git\mingw64\bin;C:\Users\pndang\AppData\Local\Programs\Git\usr\local\bin;C:\Users\pndang\AppData\Local\Programs\Git\usr\bin;C:\Users\pndang\AppData\Local\Programs\Git\usr\bin;C:\Users\pndang\AppData\Local\Programs\Git\mingw64\bin;C:\Users\pndang\AppData\Local\Programs\Git\usr\bin;C:\Users\pndang\bin;C:\Program Files\Common Files\Oracle\Java\javapath;C:\Program Files (x86)\Common Files\Oracle\Java\javapath;C:\WINDOWS\system32;C:\WINDOWS;C:\WINDOWS\System32\Wbem;C:\WINDOWS\System32\WindowsPowerShell\v1.0;C:\WINDOWS\System32\OpenSSH;C:\Program Files (x86)\Sennheiser\SoftphoneSDK;C:\Program Files\PuTTY;C:\Program Files\apache-maven-3.6.3\bin;C:\Program Files\apache-maven-3.6.3\bin;C:\Program Files\nodejs;C:\Users\pndang\AppData\Local\Programs\Python\Python38\Scripts;C:\Users\pndang\AppData\Local\Programs\Python\Python38;C:\Users\pndang\AppData\Local\Microsoft\WindowsApps;C:\Users\pndang\AppData\Local\JetBrains\IntelliJ IDEA 2020.3.2\bin;C:\Users\pndang\AppData\Local\Programs\Git\cmd;C:\Users\pndang\AppData\Roaming\npm;C:\Users\pndang\AppData\Local\Programs\Microsoft VS Code\bin;C:\Users\pndang\AppData\Local\Programs\Git\usr\bin\vendor_perl;C:\Users\pndang\AppData\Local\Programs\Git\usr\bin\core_perl

Yarn version: 
  1.22.10

Node version: 
  14.16.0

Platform: 
  win32 x64

Trace: 
  Error: getaddrinfo ENOTFOUND artifacts.mgm-tp.com
      at GetAddrInfoReqWrap.onlookup [as oncomplete] (dns.js:67:26)

npm manifest: 
  {
    "name": "train",
    "version": "1.0.0",
    "description": "",
    "main": "index.js",
    "scripts": {
      "start": "nodemon index.js"
    },
    "keywords": [],
    "author": "",
    "license": "ISC",
    "dependencies": {
      "express": "^4.17.1",
      "method-override": "^3.0.0",
      "mongoose": "^5.12.9",
      "pug": "^3.0.2",
      "slugify": "^1.5.3"
    },
    "devDependencies": {
      "nodemon": "^2.0.7"
    }
  }

yarn manifest: 
  No manifest

Lockfile: 
  No lockfile
